Arguments: 
  /Users/vincent/.nvm/versions/node/v8.9.0/bin/node /usr/local/Cellar/yarn/1.3.2/libexec/bin/yarn.js publish

PATH: 
  /Users/vincent/.nvm/versions/node/v8.9.0/bin:/usr/local/bin:/usr/bin:/bin:/usr/sbin:/sbin:/usr/local/go/bin:/opt/X11/bin

Yarn version: 
  1.3.2

Node version: 
  8.9.0

Platform: 
  darwin x64

npm manifest: 
  {
    "name": "hana",
    "version": "0.0.1",
    "description": "hana",
    "main": "index.js",
    "author": "zerodark",
    "license": "MIT"
  }

yarn manifest: 
  No manifest

Lockfile: 
  No lockfile

Trace: 
  Error: https://registry.npmjs.org/hana: You cannot publish over the previously published version 0.0.1. Try bumping the version to 1.0.0
      at Request.params.callback [as _callback] (/usr/local/Cellar/yarn/1.3.2/libexec/lib/cli.js:62098:18)
      at Request.self.callback (/usr/local/Cellar/yarn/1.3.2/libexec/lib/cli.js:123085:22)
      at emitTwo (events.js:126:13)
      at Request.emit (events.js:214:7)
      at Request.<anonymous> (/usr/local/Cellar/yarn/1.3.2/libexec/lib/cli.js:124068:10)
      at emitOne (events.js:116:13)
      at Request.emit (events.js:211:7)
      at IncomingMessage.<anonymous> (/usr/local/Cellar/yarn/1.3.2/libexec/lib/cli.js:123988:12)
      at Object.onceWrapper (events.js:313:30)
      at emitNone (events.js:111:20)
